[2011/02/28 09:40:37][23119][TRACE] Loginform
[2011/02/28 09:40:43][23122][TRACE] do_login
[2011/02/28 09:40:43][23122][DEBUG] reneeb tries to login
[2011/02/28 09:40:43][23122][DEBUG] Try reneeb -> OPAR -> OPKmvdBGoQXzc
[2011/02/28 09:40:43][23122][DEBUG] connect to db
[2011/02/28 09:40:43][23122][DEBUG] Login reneeb successful
[2011/02/28 09:40:43][23122][TRACE] Session ID for OTRS::OPR::DB::Schema::Result::opr_user=HASH(0x1022a6a48): 1225a35d3809a9271a2304403550476e
[2011/02/28 09:40:43][23122][TRACE] Forward to author.startpage
[2011/02/28 09:40:44][23123][DEBUG] connect to db
[2011/02/28 09:40:47][23125][DEBUG] connect to db
[2011/02/28 09:40:56][23128][DEBUG] connect to db
[2011/02/28 09:40:59][23131][DEBUG] connect to db
[2011/02/28 09:41:05][23132][TRACE] Runmode start
[2011/02/28 09:41:05][23132][TRACE] Loginform
[2011/02/28 09:41:11][23135][TRACE] Runmode do_login
[2011/02/28 09:41:11][23135][TRACE] do_login
[2011/02/28 09:41:11][23135][DEBUG] reneeb tries to login
[2011/02/28 09:41:11][23135][DEBUG] Try reneeb -> OPAR -> OPKmvdBGoQXzc
[2011/02/28 09:41:11][23135][DEBUG] connect to db
[2011/02/28 09:41:11][23135][DEBUG] Login reneeb successful
[2011/02/28 09:41:11][23135][TRACE] Session ID for OTRS::OPR::DB::Schema::Result::opr_user=HASH(0x10223d9c0): cb15844abef770098bf0bfb228d10ab0
[2011/02/28 09:41:11][23135][TRACE] Forward to admin.startpage
[2011/02/28 09:41:11][23136][TRACE] Runmode menu
[2011/02/28 09:41:11][23136][DEBUG] connect to db
[2011/02/28 09:41:13][23137][DEBUG] connect to db
[2011/02/28 09:41:23][23140][DEBUG] connect to db
[2011/02/28 09:47:56][23252][DEBUG] connect to db
[2011/02/28 09:51:13][23336][DEBUG] connect to db
[2011/02/28 09:51:16][23337][DEBUG] connect to db
[2011/02/28 09:51:53][23357][DEBUG] connect to db
[2011/02/28 09:51:55][23358][DEBUG] connect to db
[2011/02/28 09:52:09][23365][DEBUG] connect to db
[2011/02/28 09:52:16][23366][DEBUG] connect to db
[2011/02/28 09:52:32][23371][DEBUG] connect to db
[2011/02/28 09:52:35][23372][DEBUG] connect to db
[2011/02/28 09:52:59][23393][DEBUG] connect to db
[2011/02/28 09:53:17][23408][DEBUG] connect to db
[2011/02/28 09:53:38][23420][DEBUG] connect to db
[2011/02/28 09:55:17][23454][DEBUG] connect to db
[2011/02/28 10:18:35][23808][DEBUG] connect to db
[2011/02/28 10:18:42][23811][DEBUG] connect to db
[2011/02/28 10:19:51][23827][DEBUG] connect to db
[2011/02/28 10:20:17][23832][DEBUG] connect to db
[2011/02/28 10:21:22][23847][DEBUG] connect to db
[2011/02/28 10:21:52][23858][DEBUG] connect to db
[2011/02/28 10:22:10][23863][DEBUG] connect to db
[2011/02/28 10:22:33][23868][DEBUG] connect to db
[2011/02/28 10:22:50][23873][DEBUG] connect to db
[2011/02/28 10:23:40][23887][DEBUG] connect to db
[2011/02/28 10:24:02][23892][DEBUG] connect to db
[2011/02/28 10:25:16][23922][DEBUG] connect to db
[2011/02/28 10:25:47][23930][DEBUG] connect to db
[2011/03/02 10:27:38][46886][TRACE] Loginform
[2011/03/02 10:27:45][46887][TRACE] do_login
[2011/03/02 10:27:45][46887][DEBUG] reneeb tries to login
[2011/03/02 10:27:45][46887][DEBUG] Try reneeb -> OPAR -> OPKmvdBGoQXzc
[2011/03/02 10:27:45][46887][DEBUG] connect to db
[2011/03/02 10:27:45][46887][DEBUG] Login reneeb successful
[2011/03/02 10:27:45][46887][TRACE] Session ID for OTRS::OPR::DB::Schema::Result::opr_user=HASH(0x1022a7d28): bff357dc8fd0eb6500e5bd6c83e6a0f0
[2011/03/02 10:27:45][46887][TRACE] Forward to author.startpage
[2011/03/02 10:27:46][46888][DEBUG] connect to db
[2011/03/02 10:28:33][46975][DEBUG] connect to db
[2011/03/02 10:29:37][46996][DEBUG] connect to db
[2011/03/02 10:29:40][46998][DEBUG] connect to db
[2011/03/02 10:34:45][47110][TRACE] Registration form
[2011/03/02 10:34:45][47110][DEBUG] connect to db
[2011/03/02 10:35:53][47131][TRACE] Registration form
[2011/03/02 10:35:53][47131][DEBUG] connect to db
[2011/03/02 10:36:32][47140][TRACE] Registration form
[2011/03/02 10:36:32][47140][DEBUG] connect to db
[2011/03/02 10:36:42][47148][TRACE] Registration form
[2011/03/02 10:36:42][47148][DEBUG] connect to db
[2011/03/02 10:37:00][47158][TRACE] Registration form
[2011/03/02 10:37:00][47158][DEBUG] connect to db
[2011/03/02 10:37:13][47166][TRACE] Registration form
[2011/03/02 10:37:13][47166][DEBUG] connect to db
[2011/03/02 10:37:23][47174][TRACE] Registration form
[2011/03/02 10:37:23][47174][DEBUG] connect to db
[2011/03/02 10:37:39][47184][TRACE] Registration form
[2011/03/02 10:37:39][47184][DEBUG] connect to db
[2011/03/02 10:37:47][47190][TRACE] Registration form
[2011/03/02 10:37:47][47190][DEBUG] connect to db
[2011/03/02 10:38:24][47204][TRACE] Registration form
[2011/03/02 10:38:24][47204][DEBUG] connect to db
[2011/03/02 10:38:34][47213][TRACE] Registration form
[2011/03/02 10:38:34][47213][DEBUG] connect to db
[2011/03/02 10:38:44][47222][TRACE] Registration form
[2011/03/02 10:38:44][47222][DEBUG] connect to db
[2011/03/02 10:39:26][47231][DEBUG] connect to db
[2011/03/02 10:40:01][47242][DEBUG] connect to db
[2011/03/02 10:40:16][47246][DEBUG] connect to db
[2011/03/02 10:40:34][47252][DEBUG] connect to db
[2011/03/02 10:40:47][47256][DEBUG] connect to db
[2011/03/02 10:41:23][47277][DEBUG] connect to db
[2011/03/02 10:44:15][47328][DEBUG] connect to db
[2011/03/02 10:45:05][47347][DEBUG] connect to db
[2011/03/02 10:45:19][47352][DEBUG] connect to db
[2011/03/02 10:47:01][47373][DEBUG] connect to db
[2011/03/02 10:47:15][47377][DEBUG] connect to db
[2011/03/02 10:47:23][47380][DEBUG] connect to db
[2011/03/02 10:47:36][47383][DEBUG] connect to db
[2011/03/02 10:48:36][47401][DEBUG] connect to db
[2011/03/02 10:49:12][47415][DEBUG] connect to db
[2011/03/02 10:49:27][47419][DEBUG] connect to db
[2011/03/02 10:49:42][47425][DEBUG] connect to db
[2011/03/02 10:50:00][47430][DEBUG] connect to db
[2011/03/02 10:50:11][47433][DEBUG] connect to db
[2011/03/02 10:50:32][47438][DEBUG] connect to db
[2011/03/02 10:50:35][47445][DEBUG] connect to db
[2011/03/02 10:52:57][47476][DEBUG] connect to db
[2011/03/02 11:15:16][48166][TRACE] Loginform
[2011/03/02 11:15:41][48178][TRACE] Loginform
[2011/03/02 11:15:46][48179][TRACE] do_login
[2011/03/02 11:15:46][48179][DEBUG] tk tries to login
[2011/03/02 11:15:46][48179][DEBUG] Try tk -> tk -> OP0TF5dzRe1Z2
[2011/03/02 11:15:46][48179][DEBUG] connect to db
[2011/03/02 11:15:46][48179][INFO] Login for tk not successful
[2011/03/02 11:15:46][48179][TRACE] Loginform
[2011/03/02 11:17:56][48224][TRACE] do_login
[2011/03/02 11:17:56][48224][DEBUG] reneeb tries to login
[2011/03/02 11:17:56][48224][DEBUG] Try reneeb -> OPAR -> OPKmvdBGoQXzc
[2011/03/02 11:17:56][48224][DEBUG] connect to db
[2011/03/02 11:17:56][48224][DEBUG] Login reneeb successful
[2011/03/02 11:17:56][48224][TRACE] Session ID for OTRS::OPR::DB::Schema::Result::opr_user=HASH(0x1022a7d28): 34bec50e8df48ef3bc08c380968ab783
[2011/03/02 11:17:56][48224][TRACE] Forward to author.startpage
[2011/03/02 11:17:57][48225][DEBUG] connect to db
[2011/03/02 11:18:15][48231][DEBUG] connect to db
[2011/03/02 11:18:19][48234][DEBUG] connect to db
[2011/03/02 11:19:55][48271][DEBUG] connect to db
[2011/03/02 11:20:54][48288][DEBUG] connect to db
[2011/03/02 11:21:43][48299][DEBUG] connect to db
[2011/03/02 11:27:48][48394][DEBUG] connect to db
[2011/03/02 11:28:17][48402][DEBUG] connect to db
[2011/03/02 11:28:24][48405][DEBUG] connect to db
[2011/03/02 11:28:48][48412][DEBUG] connect to db
[2011/03/02 11:30:18][48433][DEBUG] connect to db
[2011/03/02 11:30:24][48440][DEBUG] connect to db
[2011/03/02 11:30:43][48445][DEBUG] connect to db
[2011/03/02 11:31:23][48454][DEBUG] connect to db
[2011/03/02 11:31:50][48461][DEBUG] connect to db
[2011/03/02 11:36:36][48972][DEBUG] connect to db
[2011/03/02 11:37:22][48983][DEBUG] connect to db
[2011/03/02 11:38:31][49005][DEBUG] connect to db
[2011/03/02 11:38:53][49012][DEBUG] connect to db
[2011/03/02 11:39:03][49015][DEBUG] connect to db
[2011/03/02 11:39:35][49024][DEBUG] connect to db
[2011/03/02 11:43:53][49086][DEBUG] connect to db
[2011/03/02 11:45:09][49106][DEBUG] connect to db
[2011/03/02 11:45:26][49109][DEBUG] connect to db
[2011/03/02 11:45:45][49114][DEBUG] connect to db
[2011/03/02 11:46:30][49125][DEBUG] connect to db
[2011/03/02 11:46:43][49128][DEBUG] connect to db
[2011/03/02 11:47:46][49146][DEBUG] connect to db
[2011/03/02 11:48:17][49153][DEBUG] connect to db
[2011/03/02 11:49:51][49180][DEBUG] connect to db
[2011/03/02 11:49:56][49181][DEBUG] connect to db
[2011/03/02 11:51:08][49200][DEBUG] connect to db
[2011/03/02 11:52:38][49220][DEBUG] connect to db
[2011/03/02 11:52:52][49224][DEBUG] connect to db
[2011/03/02 11:53:17][49229][DEBUG] connect to db
[2011/03/02 11:53:43][49236][DEBUG] connect to db
[2011/03/02 11:54:08][49241][DEBUG] connect to db
[2011/03/02 11:54:22][49246][DEBUG] connect to db
[2011/03/02 11:55:51][49275][DEBUG] connect to db
[2011/03/02 11:56:54][49291][DEBUG] connect to db
[2011/03/02 11:57:09][49296][DEBUG] connect to db
[2011/03/02 11:57:53][49305][DEBUG] connect to db
[2011/03/02 11:58:03][49308][DEBUG] connect to db
[2011/03/02 11:58:56][49319][DEBUG] connect to db
[2011/03/02 12:02:48][49375][DEBUG] connect to db
[2011/03/02 12:03:04][49380][DEBUG] connect to db
[2011/03/02 12:04:43][49409][DEBUG] connect to db
[2011/03/02 12:05:50][49425][DEBUG] connect to db
[2011/03/02 12:07:46][49449][DEBUG] connect to db
[2011/03/02 12:08:15][49456][DEBUG] connect to db
[2011/03/02 12:08:44][49465][DEBUG] connect to db
[2011/03/02 12:08:56][49468][DEBUG] connect to db
[2011/03/02 12:10:03][49486][DEBUG] connect to db
[2011/03/02 12:10:09][49490][DEBUG] connect to db
[2011/03/02 12:13:55][49536][DEBUG] connect to db
[2011/03/02 12:14:20][49543][DEBUG] connect to db
[2011/03/02 12:14:42][49550][DEBUG] connect to db
[2011/03/02 12:15:19][49560][DEBUG] connect to db
[2011/03/02 12:15:33][49563][DEBUG] connect to db
[2011/03/02 12:15:47][49566][DEBUG] connect to db
[2011/03/02 12:15:59][49571][DEBUG] connect to db
[2011/03/02 12:16:08][49572][DEBUG] connect to db
[2011/03/02 12:16:50][49583][DEBUG] connect to db
[2011/03/02 12:17:31][49593][DEBUG] connect to db
[2011/03/02 12:18:05][49601][DEBUG] connect to db
[2011/03/02 12:18:58][49615][DEBUG] connect to db
[2011/03/02 12:19:35][49626][DEBUG] connect to db
[2011/03/02 12:22:46][49667][DEBUG] connect to db
[2011/03/02 12:23:36][49678][DEBUG] connect to db
[2011/03/02 12:24:08][49685][DEBUG] connect to db
[2011/03/02 12:26:01][49712][DEBUG] connect to db
[2011/03/02 12:26:31][49724][DEBUG] connect to db
[2011/03/02 12:26:40][49729][DEBUG] connect to db
[2011/03/02 12:26:44][49735][DEBUG] connect to db
[2011/03/02 12:27:02][49745][DEBUG] connect to db
[2011/03/02 12:27:24][49750][DEBUG] connect to db
[2011/03/02 12:27:35][49753][DEBUG] connect to db
[2011/03/02 12:30:10][49788][DEBUG] connect to db
[2011/03/02 12:33:51][49835][DEBUG] connect to db
[2011/03/02 12:34:03][49838][DEBUG] connect to db
[2011/03/02 12:35:12][49854][DEBUG] connect to db
[2011/03/02 12:36:51][49875][DEBUG] connect to db
[2011/03/02 12:37:00][49878][DEBUG] connect to db
[2011/03/02 12:40:44][49932][DEBUG] connect to db
[2011/03/02 12:40:53][49935][DEBUG] connect to db
[2011/03/02 12:41:15][49945][DEBUG] connect to db
[2011/03/02 12:41:43][49957][DEBUG] connect to db
[2011/03/02 15:28:35][51832][TRACE] Loginform
[2011/03/02 15:28:41][51835][TRACE] do_login
[2011/03/02 15:28:41][51835][DEBUG] reneeb tries to login
[2011/03/02 15:28:41][51835][DEBUG] Try reneeb -> OPAR -> OPKmvdBGoQXzc
[2011/03/02 15:28:41][51835][DEBUG] connect to db
[2011/03/02 15:28:41][51835][DEBUG] Login reneeb successful
[2011/03/02 15:28:41][51835][TRACE] Session ID for OTRS::OPR::DB::Schema::Result::opr_user=HASH(0x1022a7d28): 461277e507e34378b2568836e86fd053
[2011/03/02 15:28:41][51835][TRACE] Forward to author.startpage
[2011/03/02 15:28:42][51836][DEBUG] connect to db
[2011/03/02 15:28:44][51837][DEBUG] connect to db
[2011/03/02 15:28:47][51838][DEBUG] connect to db
[2011/03/02 15:29:26][51849][DEBUG] connect to db
[2011/03/02 15:29:33][51852][DEBUG] connect to db
[2011/03/02 15:29:39][51855][TRACE] Loginform
[2011/03/02 15:29:43][51857][TRACE] Loginform
[2011/03/02 15:29:47][51858][TRACE] do_login
[2011/03/02 15:29:47][51858][DEBUG] tk tries to login
[2011/03/02 15:29:47][51858][DEBUG] Try tk -> tk -> OP0TF5dzRe1Z2
[2011/03/02 15:29:47][51858][DEBUG] connect to db
[2011/03/02 15:29:47][51858][INFO] Login for tk not successful
[2011/03/02 15:29:47][51858][TRACE] Loginform
[2011/03/02 15:29:59][51863][TRACE] do_login
[2011/03/02 15:29:59][51863][DEBUG] reneeb tries to login
[2011/03/02 15:29:59][51863][DEBUG] Try reneeb -> OPAR -> OPKmvdBGoQXzc
[2011/03/02 15:29:59][51863][DEBUG] connect to db
[2011/03/02 15:29:59][51863][DEBUG] Login reneeb successful
[2011/03/02 15:29:59][51863][TRACE] Session ID for OTRS::OPR::DB::Schema::Result::opr_user=HASH(0x1022a7d28): 3ac249509371b769b9a7931815a56f9a
[2011/03/02 15:29:59][51863][TRACE] Forward to author.startpage
[2011/03/02 15:30:00][51864][DEBUG] connect to db
[2011/03/02 15:30:05][51865][DEBUG] connect to db
[2011/03/02 15:30:13][51871][DEBUG] connect to db
[2011/03/02 15:30:18][51874][DEBUG] connect to db
[2011/03/02 15:32:10][51898][DEBUG] connect to db
[2011/03/02 15:32:31][51903][DEBUG] connect to db
[2011/03/02 15:35:04][51941][DEBUG] connect to db
[2011/03/02 15:35:17][51945][DEBUG] connect to db
[2011/03/02 15:35:26][51949][DEBUG] connect to db
[2011/03/02 15:35:40][51954][DEBUG] connect to db
[2011/03/02 15:42:08][52041][DEBUG] connect to db
[2011/03/02 15:42:12][52044][DEBUG] connect to db
[2011/03/02 15:42:35][52049][DEBUG] connect to db
[2011/03/02 15:42:51][52054][DEBUG] connect to db
[2011/03/02 15:43:00][52057][DEBUG] connect to db
[2011/03/02 15:53:58][52212][DEBUG] connect to db
[2011/03/02 15:54:22][52220][DEBUG] connect to db
[2011/03/02 15:55:56][52242][DEBUG] connect to db
[2011/03/02 15:57:10][52259][DEBUG] connect to db
[2011/03/02 15:58:49][52282][DEBUG] connect to db
[2011/03/02 15:59:00][52285][DEBUG] connect to db
[2011/03/02 16:00:23][52304][DEBUG] connect to db
[2011/03/02 16:01:36][52320][DEBUG] connect to db
[2011/03/02 16:02:19][52331][DEBUG] connect to db
[2011/03/02 16:02:26][52332][DEBUG] connect to db
[2011/03/02 16:02:34][52335][DEBUG] connect to db
[2011/03/02 16:02:40][52338][DEBUG] connect to db
[2011/03/02 16:02:44][52339][DEBUG] connect to db
[2011/03/02 16:02:47][52340][DEBUG] connect to db
[2011/03/02 16:11:04][53078][DEBUG] connect to db
[2011/03/02 16:11:18][53088][DEBUG] connect to db
[2011/03/02 16:13:19][53125][DEBUG] connect to db
[2011/03/02 16:13:21][53126][DEBUG] connect to db
[2011/03/02 16:13:43][53133][DEBUG] connect to db
[2011/03/02 16:13:46][53134][DEBUG] connect to db
[2011/03/02 16:18:31][53218][DEBUG] connect to db
[2011/03/02 16:18:51][53223][DEBUG] connect to db
[2011/03/02 16:22:33][53277][DEBUG] connect to db
[2011/03/02 16:22:44][53280][DEBUG] connect to db
[2011/03/02 16:22:49][53283][DEBUG] connect to db
[2011/03/02 16:22:54][53284][DEBUG] connect to db
[2011/03/02 16:24:20][53703][DEBUG] connect to db
[2011/03/02 16:24:23][53704][DEBUG] connect to db
[2011/03/02 16:24:26][53705][DEBUG] connect to db
[2011/03/02 16:24:28][53706][DEBUG] connect to db
[2011/03/02 16:24:40][53711][DEBUG] connect to db
[2011/03/02 16:24:42][53712][DEBUG] connect to db
[2011/03/02 16:24:45][53713][DEBUG] connect to db
[2011/03/02 16:24:46][53714][DEBUG] connect to db
[2011/03/02 16:24:50][53717][DEBUG] connect to db
[2011/03/02 16:25:11][53725][DEBUG] connect to db
[2011/03/02 16:25:58][53741][DEBUG] connect to db
[2011/03/02 16:27:01][53756][DEBUG] connect to db
[2011/03/02 16:27:07][53757][DEBUG] connect to db
[2011/03/02 16:27:13][53761][DEBUG] connect to db
[2011/03/02 16:27:16][53762][DEBUG] connect to db
[2011/03/02 16:29:52][53796][DEBUG] connect to db
[2011/03/02 16:29:59][53799][DEBUG] connect to db
[2011/03/02 16:30:07][53800][DEBUG] connect to db
[2011/03/02 16:30:14][53806][DEBUG] connect to db
[2011/03/02 16:30:31][53812][DEBUG] connect to db
[2011/03/02 16:30:43][53815][DEBUG] connect to db
[2011/03/02 16:45:50][54015][DEBUG] connect to db
[2011/03/02 16:46:14][54020][DEBUG] connect to db
[2011/03/02 16:56:38][54322][DEBUG] connect to db
[2011/03/02 16:57:15][54331][DEBUG] connect to db
[2011/03/02 16:58:42][54350][DEBUG] connect to db
[2011/03/02 17:00:45][54379][DEBUG] connect to db
[2011/03/02 17:01:22][54388][DEBUG] connect to db
[2011/03/02 17:01:25][54389][DEBUG] connect to db
[2011/03/02 17:01:48][54394][DEBUG] connect to db
[2011/03/02 17:03:05][54411][DEBUG] connect to db
[2011/03/02 17:04:24][54428][DEBUG] connect to db
[2011/03/02 17:04:38][54431][DEBUG] connect to db
[2011/03/02 17:05:14][54440][DEBUG] connect to db
[2011/03/02 17:05:20][54444][DEBUG] connect to db
[2011/03/02 17:08:34][54486][DEBUG] connect to db
[2011/03/02 17:08:37][54487][DEBUG] connect to db
[2011/03/02 17:08:41][54490][DEBUG] connect to db
[2011/03/02 17:08:43][54491][DEBUG] connect to db
[2011/03/02 17:09:11][54498][DEBUG] connect to db
[2011/03/02 17:10:56][54524][DEBUG] connect to db
[2011/03/02 17:11:17][54529][DEBUG] connect to db
[2011/03/02 17:11:20][54532][DEBUG] connect to db
[2011/03/02 17:11:51][54539][DEBUG] connect to db
[2011/03/02 17:12:03][54542][DEBUG] connect to db
[2011/03/02 17:12:49][54554][DEBUG] connect to db
[2011/03/02 17:13:08][54559][DEBUG] connect to db
[2011/03/02 17:13:55][54570][DEBUG] connect to db
[2011/03/02 17:14:08][54573][DEBUG] connect to db
[2011/03/02 17:14:17][54576][DEBUG] connect to db
[2011/03/02 17:14:22][54579][DEBUG] connect to db
[2011/03/02 17:14:25][54580][DEBUG] connect to db
[2011/03/02 17:14:27][54581][DEBUG] connect to db
[2011/03/02 17:14:32][54584][DEBUG] connect to db
[2011/03/02 17:14:56][54589][DEBUG] connect to db
[2011/03/02 17:14:58][54590][DEBUG] connect to db
[2011/03/02 17:15:02][54593][DEBUG] connect to db
[2011/03/02 17:15:42][54603][DEBUG] connect to db
[2011/03/02 17:15:44][54604][DEBUG] connect to db
[2011/03/02 17:15:46][54605][DEBUG] connect to db
[2011/03/02 17:15:48][54606][DEBUG] connect to db
[2011/03/02 17:15:52][54609][DEBUG] connect to db
[2011/03/02 17:16:30][54618][DEBUG] connect to db
[2011/03/02 17:16:32][54619][DEBUG] connect to db
[2011/03/02 17:16:36][54620][DEBUG] connect to db
[2011/03/02 17:16:43][54623][DEBUG] connect to db
[2011/03/02 17:16:46][54624][DEBUG] connect to db
[2011/03/02 17:16:49][54627][DEBUG] connect to db
[2011/03/02 17:45:47][56048][DEBUG] connect to db
[2011/03/02 17:47:04][56065][DEBUG] connect to db
[2011/03/02 17:48:16][56082][DEBUG] connect to db
[2011/03/02 17:48:40][56089][DEBUG] connect to db
[2011/03/02 17:52:07][56131][DEBUG] connect to db
[2011/03/02 17:52:54][56142][DEBUG] connect to db
[2011/03/02 17:54:44][56167][DEBUG] connect to db
[2011/03/02 17:55:09][56172][DEBUG] connect to db
[2011/03/02 17:55:17][56175][DEBUG] connect to db
[2011/03/02 17:55:21][56178][DEBUG] connect to db
[2011/03/02 17:55:25][56180][DEBUG] connect to db
[2011/03/03 10:17:02][60233][DEBUG] connect to db
[2011/03/03 10:18:12][60251][DEBUG] connect to db
[2011/03/03 10:18:18][60252][DEBUG] connect to db
[2011/03/03 10:18:29][60256][DEBUG] connect to db
[2011/03/03 10:18:33][60260][TRACE] Loginform
[2011/03/03 10:18:39][60261][TRACE] do_login
[2011/03/03 10:18:39][60261][DEBUG] reneeb tries to login
[2011/03/03 10:18:39][60261][DEBUG] Try reneeb -> OPAR -> OPKmvdBGoQXzc
[2011/03/03 10:18:39][60261][DEBUG] connect to db
[2011/03/03 10:18:39][60261][DEBUG] Login reneeb successful
[2011/03/03 10:18:39][60261][TRACE] Session ID for OTRS::OPR::DB::Schema::Result::opr_user=HASH(0x1022a6c48): 5e86a09e8911fac545beaea31a2f3e5e
[2011/03/03 10:18:39][60261][TRACE] Forward to author.startpage
[2011/03/03 10:18:40][60262][DEBUG] connect to db
[2011/03/03 10:18:42][60265][DEBUG] connect to db
[2011/03/03 10:18:46][60266][DEBUG] connect to db
[2011/03/03 10:18:49][60267][DEBUG] connect to db
[2011/03/03 10:18:55][60270][DEBUG] connect to db
[2011/03/03 10:18:58][60271][DEBUG] connect to db
[2011/03/03 10:18:58][60271][TRACE] Version list for mypackage
[2011/03/03 10:19:02][60274][DEBUG] connect to db
[2011/03/03 10:19:06][60275][DEBUG] connect to db
[2011/03/03 10:19:08][60276][DEBUG] connect to db
[2011/03/03 10:19:10][60277][DEBUG] connect to db
[2011/03/03 10:19:24][60283][DEBUG] connect to db
[2011/03/03 10:19:29][60284][DEBUG] connect to db
[2011/03/03 10:19:38][60287][DEBUG] connect to db
[2011/03/03 10:19:55][60293][DEBUG] connect to db
[2011/03/03 10:20:00][60295][DEBUG] connect to db
[2011/03/03 10:20:20][60300][DEBUG] connect to db
[2011/03/03 10:20:21][60301][DEBUG] connect to db
[2011/03/03 10:20:24][60304][DEBUG] connect to db
[2011/03/03 10:20:24][60304][TRACE] Version list for mypackage
[2011/03/03 10:20:33][60307][DEBUG] connect to db
[2011/03/03 10:20:39][60308][DEBUG] connect to db
[2011/03/03 10:21:26][60329][DEBUG] connect to db
[2011/03/03 10:21:29][60330][DEBUG] connect to db
[2011/03/03 10:27:26][60421][DEBUG] connect to db
[2011/03/03 10:29:51][60455][DEBUG] connect to db
[2011/03/03 10:31:11][60473][DEBUG] connect to db
[2011/03/03 10:32:26][60498][DEBUG] connect to db
[2011/03/03 10:32:36][60501][DEBUG] connect to db
[2011/03/03 10:32:43][60504][DEBUG] connect to db
[2011/03/03 10:32:48][60505][DEBUG] connect to db
[2011/03/03 10:34:48][60557][DEBUG] connect to db
[2011/03/03 10:35:09][60563][DEBUG] connect to db
[2011/03/03 10:35:53][60581][DEBUG] connect to db
[2011/03/03 10:35:59][60584][DEBUG] connect to db
[2011/03/03 10:38:00][60627][DEBUG] connect to db
[2011/03/03 10:39:19][60699][DEBUG] connect to db
[2011/03/03 10:39:32][60704][DEBUG] connect to db
[2011/03/03 10:40:54][60721][DEBUG] connect to db
[2011/03/03 10:41:16][60726][DEBUG] connect to db
[2011/03/03 10:43:54][60994][DEBUG] connect to db
[2011/03/03 10:44:01][60997][DEBUG] connect to db
[2011/03/03 10:44:20][61002][DEBUG] connect to db
[2011/03/03 10:45:15][61016][DEBUG] connect to db
[2011/03/03 10:47:05][61040][DEBUG] connect to db
[2011/03/03 10:48:19][61055][DEBUG] connect to db
[2011/03/03 10:50:09][61081][DEBUG] connect to db
[2011/03/03 10:50:41][61088][DEBUG] connect to db
[2011/03/03 10:50:51][61091][DEBUG] connect to db
[2011/03/03 10:50:53][61094][DEBUG] connect to db
[2011/03/03 10:51:02][61097][DEBUG] connect to db
[2011/03/03 10:51:12][61100][DEBUG] connect to db
[2011/03/03 10:51:14][61101][DEBUG] connect to db
[2011/03/03 10:51:17][61102][DEBUG] connect to db
[2011/03/03 10:51:40][61107][DEBUG] connect to db
[2011/03/03 10:51:47][61110][DEBUG] connect to db
[2011/03/03 10:51:54][61113][DEBUG] connect to db
[2011/03/03 10:52:19][61123][DEBUG] connect to db
[2011/03/03 10:52:30][61126][DEBUG] connect to db
[2011/03/03 10:52:39][61129][DEBUG] connect to db
[2011/03/03 10:56:50][61205][DEBUG] connect to db
